This is pdfTeX, Version 3.14159265-2.6-1.40.15 (TeX Live 2015/dev/Debian) (preloaded format=latex 2016.6.25)  16 JUL 2016 14:18
entering extended mode
 restricted \write18 enabled.
 file:line:error style messages enabled.
 %&-line parsing enabled.
**chapter3.tex
(./chapter3.tex
LaTeX2e <2014/05/01>
Babel <3.9l> and hyphenation patterns for 2 languages loaded.
./chapter3.tex:1: Undefined control sequence.
l.1 \subsection
               {Driving the Segments}
? 
./chapter3.tex:1: Emergency stop.
l.1 \subsection
               {Driving the Segments}
End of file on the terminal!

 
Here is how much of TeX's memory you used:
 5 strings out of 495021
 145 string characters out of 6181350
 45970 words of memory out of 5000000
 3320 multiletter control sequences out of 15000+600000
 3640 words of font info for 14 fonts, out of 8000000 for 9000
 14 hyphenation exceptions out of 8191
 5i,0n,1p,48b,8s stack positions out of 5000i,500n,10000p,200000b,80000s
No pages of output.
